<?xml version="1.0" encoding="UTF-8" standalone="yes"?>
<testsuites time="1500.037" tests="7" failures="0" errors="0">
    <testsuite tests="7" failures="0" errors="0" time="1500.037" timestamp="2020-06-03T14:15:14">
        <properties>
            <property name="awt.toolkit" value="sun.awt.windows.WToolkit"/>
            <property name="classworlds.conf" value="D:\QA\apache-maven-3.6.3-bin\apache-maven-3.6.3\bin\..\bin\m2.conf"/>
            <property name="env.=D:" value="D:\MBTTraining\MBT_SUITE\Assessments\SC_SUITE_AKOAssessment"/>
            <property name="env.ALLUSERSPROFILE" value="C:\ProgramData"/>
            <property name="env.APPDATA" value="C:\Users\LENOVO\AppData\Roaming"/>
            <property name="env.CLASSWORLDS_JAR" value="&quot;D:\QA\apache-maven-3.6.3-bin\apache-maven-3.6.3\bin\..\boot\plexus-classworlds-2.6.0.jar&quot;"/>
            <property name="env.CLASSWORLDS_LAUNCHER" value="org.codehaus.plexus.classworlds.launcher.Launcher"/>
            <property name="env.COMMONPROGRAMFILES" value="C:\Program Files\Common Files"/>
            <property name="env.COMMONPROGRAMFILES(X86)" value="C:\Program Files (x86)\Common Files"/>
            <property name="env.COMMONPROGRAMW6432" value="C:\Program Files\Common Files"/>
            <property name="env.COMPUTERNAME" value="LENOVO-PC"/>
            <property name="env.COMSPEC" value="C:\Windows\system32\cmd.exe"/>
            <property name="env.ERROR_CODE" value="0"/>
            <property name="env.EXEC_DIR" value="D:\MBTTraining\MBT_SUITE\Assessments\SC_SUITE_AKOAssessment"/>
            <property name="env.FP_NO_HOST_CHECK" value="NO"/>
            <property name="env.HOMEDRIVE" value="C:"/>
            <property name="env.HOMEPATH" value="\Users\LENOVO"/>
            <property name="env.IDEA_INITIAL_DIRECTORY" value="C:\Users\LENOVO\Desktop"/>
            <property name="env.INTELLIJ IDEA" value="D:\Program Files\JetBrains\IntelliJ IDEA 2019.3.3\bin;"/>
            <property name="env.JAVACMD" value="C:\Program Files\Java\jdk1.8.0_241\bin\java.exe"/>
            <property name="env.JAVA_HOME" value="C:\Program Files\Java\jdk1.8.0_241"/>
            <property name="env.JRE_HOME" value="C:\Program Files\Java\jre1.8.0_241"/>
            <property name="env.JVMCONFIG" value="\.mvn\jvm.config"/>
            <property name="env.LOCALAPPDATA" value="C:\Users\LENOVO\AppData\Local"/>
            <property name="env.LOGONSERVER" value="\\LENOVO-PC"/>
            <property name="env.MAVEN_CMD_LINE_ARGS" value="graphwalker:test"/>
            <property name="env.MAVEN_HOME" value="D:\QA\apache-maven-3.6.3-bin\apache-maven-3.6.3\bin\.."/>
            <property name="env.MAVEN_PROJECTBASEDIR" value="D:\MBTTraining\MBT_SUITE\Assessments\SC_SUITE_AKOAssessment"/>
            <property name="env.NUMBER_OF_PROCESSORS" value="4"/>
            <property name="env.OS" value="Windows_NT"/>
            <property name="env.PATH" value="C:\Program Files (x86)\Common Files\Oracle\Java\javapath;C:\Windows\system32;C:\Windows;C:\Windows\System32\Wbem;C:\Windows\System32\WindowsPowerShell\v1.0\;C:\Program Files\Java\jdk1.8.0_241\bin;D:\QA\apache-maven-3.6.3-bin\apache-maven-3.6.3\bin;C:\Program Files\Java\jre1.8.0_241\bin"/>
            <property name="env.PATHEXT" value=".COM;.EXE;.BAT;.CMD;.VBS;.VBE;.JS;.JSE;.WSF;.WSH;.MSC"/>
            <property name="env.PROCESSOR_ARCHITECTURE" value="AMD64"/>
            <property name="env.PROCESSOR_IDENTIFIER" value="Intel64 Family 6 Model 42 Stepping 7, GenuineIntel"/>
            <property name="env.PROCESSOR_LEVEL" value="6"/>
            <property name="env.PROCESSOR_REVISION" value="2a07"/>
            <property name="env.PROGRAMDATA" value="C:\ProgramData"/>
            <property name="env.PROGRAMFILES" value="C:\Program Files"/>
            <property name="env.PROGRAMFILES(X86)" value="C:\Program Files (x86)"/>
            <property name="env.PROGRAMW6432" value="C:\Program Files"/>
            <property name="env.PROMPT" value="$P$G"/>
            <property name="env.PSMODULEPATH" value="C:\Windows\system32\WindowsPowerShell\v1.0\Modules\"/>
            <property name="env.PUBLIC" value="C:\Users\Public"/>
            <property name="env.SYSTEMDRIVE" value="C:"/>
            <property name="env.SYSTEMROOT" value="C:\Windows"/>
            <property name="env.TEMP" value="C:\Users\LENOVO\AppData\Local\Temp"/>
            <property name="env.TERMINAL_EMULATOR" value="JetBrains-JediTerm"/>
            <property name="env.TMP" value="C:\Users\LENOVO\AppData\Local\Temp"/>
            <property name="env.USERDOMAIN" value="LENOVO-PC"/>
            <property name="env.USERNAME" value="LENOVO"/>
            <property name="env.USERPROFILE" value="C:\Users\LENOVO"/>
            <property name="env.WDIR" value="D:\"/>
            <property name="env.WINDIR" value="C:\Windows"/>
            <property name="env.WINDOWS_TRACING_FLAGS" value="3"/>
            <property name="env.WINDOWS_TRACING_LOGFILE" value="C:\BVTBin\Tests\installpackage\csilogfile.log"/>
            <property name="env.__INTELLIJ_COMMAND_HISTFILE__" value="C:\Users\LENOVO\AppData\Roaming\JetBrains\IdeaIC2020.1\terminal\history\history-519"/>
            <property name="file.encoding" value="Cp1252"/>
            <property name="file.encoding.pkg" value="sun.io"/>
            <property name="file.separator" value="\"/>
            <property name="java.awt.graphicsenv" value="sun.awt.Win32GraphicsEnvironment"/>
            <property name="java.awt.printerjob" value="sun.awt.windows.WPrinterJob"/>
            <property name="java.class.path" value="D:\QA\apache-maven-3.6.3-bin\apache-maven-3.6.3\bin\..\boot\plexus-classworlds-2.6.0.jar"/>
            <property name="java.class.version" value="52.0"/>
            <property name="java.endorsed.dirs" value="C:\Program Files\Java\jdk1.8.0_241\jre\lib\endorsed"/>
            <property name="java.ext.dirs" value="C:\Program Files\Java\jdk1.8.0_241\jre\lib\ext;C:\Windows\Sun\Java\lib\ext"/>
            <property name="java.home" value="C:\Program Files\Java\jdk1.8.0_241\jre"/>
            <property name="java.io.tmpdir" value="C:\Users\LENOVO\AppData\Local\Temp\"/>
            <property name="java.library.path" value="C:\Program Files\Java\jdk1.8.0_241\bin;C:\Windows\Sun\Java\bin;C:\Windows\system32;C:\Windows;C:\Program Files (x86)\Common Files\Oracle\Java\javapath;C:\Windows\system32;C:\Windows;C:\Windows\System32\Wbem;C:\Windows\System32\WindowsPowerShell\v1.0\;C:\Program Files\Java\jdk1.8.0_241\bin;D:\QA\apache-maven-3.6.3-bin\apache-maven-3.6.3\bin;C:\Program Files\Java\jre1.8.0_241\bin;."/>
            <property name="java.runtime.name" value="Java(TM) SE Runtime Environment"/>
            <property name="java.runtime.version" value="1.8.0_241-b07"/>
            <property name="java.specification.name" value="Java Platform API Specification"/>
            <property name="java.specification.vendor" value="Oracle Corporation"/>
            <property name="java.specification.version" value="1.8"/>
            <property name="java.vendor" value="Oracle Corporation"/>
            <property name="java.vendor.url" value="http://java.oracle.com/"/>
            <property name="java.vendor.url.bug" value="http://bugreport.sun.com/bugreport/"/>
            <property name="java.version" value="1.8.0_241"/>
            <property name="java.vm.info" value="mixed mode"/>
            <property name="java.vm.name" value="Java HotSpot(TM) 64-Bit Server VM"/>
            <property name="java.vm.specification.name" value="Java Virtual Machine Specification"/>
            <property name="java.vm.specification.vendor" value="Oracle Corporation"/>
            <property name="java.vm.specification.version" value="1.8"/>
            <property name="java.vm.vendor" value="Oracle Corporation"/>
            <property name="java.vm.version" value="25.241-b07"/>
            <property name="library.jansi.path" value="D:\QA\apache-maven-3.6.3-bin\apache-maven-3.6.3\bin\..\lib\jansi-native"/>
            <property name="line.separator" value="&#xD;&#xA;"/>
            <property name="maven.build.version" value="Apache Maven 3.6.3 (cecedd343002696d0abb50b32b541b8a6ba2883f)"/>
            <property name="maven.conf" value="D:\QA\apache-maven-3.6.3-bin\apache-maven-3.6.3\bin\../conf"/>
            <property name="maven.home" value="D:\QA\apache-maven-3.6.3-bin\apache-maven-3.6.3\bin\.."/>
            <property name="maven.multiModuleProjectDirectory" value="D:\MBTTraining\MBT_SUITE\Assessments\SC_SUITE_AKOAssessment"/>
            <property name="maven.version" value="3.6.3"/>
            <property name="os.arch" value="amd64"/>
            <property name="os.name" value="Windows 7"/>
            <property name="os.version" value="6.1"/>
            <property name="path.separator" value=";"/>
            <property name="sun.arch.data.model" value="64"/>
            <property name="sun.boot.class.path" value="C:\Program Files\Java\jdk1.8.0_241\jre\lib\resources.jar;C:\Program Files\Java\jdk1.8.0_241\jre\lib\rt.jar;C:\Program Files\Java\jdk1.8.0_241\jre\lib\sunrsasign.jar;C:\Program Files\Java\jdk1.8.0_241\jre\lib\jsse.jar;C:\Program Files\Java\jdk1.8.0_241\jre\lib\jce.jar;C:\Program Files\Java\jdk1.8.0_241\jre\lib\charsets.jar;C:\Program Files\Java\jdk1.8.0_241\jre\lib\jfr.jar;C:\Program Files\Java\jdk1.8.0_241\jre\classes"/>
            <property name="sun.boot.library.path" value="C:\Program Files\Java\jdk1.8.0_241\jre\bin"/>
            <property name="sun.cpu.endian" value="little"/>
            <property name="sun.cpu.isalist" value="amd64"/>
            <property name="sun.desktop" value="windows"/>
            <property name="sun.io.unicode.encoding" value="UnicodeLittle"/>
            <property name="sun.java.command" value="org.codehaus.plexus.classworlds.launcher.Launcher graphwalker:test"/>
            <property name="sun.java.launcher" value="SUN_STANDARD"/>
            <property name="sun.jnu.encoding" value="Cp1252"/>
            <property name="sun.management.compiler" value="HotSpot 64-Bit Tiered Compilers"/>
            <property name="sun.os.patch.level" value="Service Pack 1"/>
            <property name="sun.stderr.encoding" value="cp437"/>
            <property name="sun.stdout.encoding" value="cp437"/>
            <property name="user.country" value="US"/>
            <property name="user.dir" value="D:\MBTTraining\MBT_SUITE\Assessments\SC_SUITE_AKOAssessment"/>
            <property name="user.home" value="C:\Users\LENOVO"/>
            <property name="user.language" value="en"/>
            <property name="user.name" value="LENOVO"/>
            <property name="user.script" value=""/>
            <property name="user.timezone" value=""/>
            <property name="user.variant" value=""/>
        </properties>
        <testcase name="AKOAssessmentCreationTest" time="214.291" classname="org.graphwalker.AKOAssessmentCreationTest"/>
        <testcase name="AKOAssessmentPerformanceLevelsTest" time="214.291" classname="org.graphwalker.AKOAssessmentPerformanceLevelsTest"/>
        <testcase name="AKOAssessmentStandardsTest" time="214.291" classname="org.graphwalker.AKOAssessmentStandardsTest"/>
        <testcase name="AKOAssessmentInfoTest" time="214.291" classname="org.graphwalker.AKOAssessmentInfoTest"/>
        <testcase name="AKOAssessmentSetupTest" time="214.291" classname="org.graphwalker.AKOAssessmentSetupTest"/>
        <testcase name="AKOAssessmentAnswerKeysTest" time="214.291" classname="org.graphwalker.AKOAssessmentAnswerKeysTest"/>
        <testcase name="CreateAKOAssessmentTest" time="214.291" classname="org.graphwalker.CreateAKOAssessmentTest"/>
    </testsuite>
</testsuites>
